🔑 Checking AWS credentials...
{
    "UserId": "868948464569",
    "Account": "868948464569",
    "Arn": "arn:aws:iam::868948464569:root"
}
✅ AWS credentials valid
🚀 Bootstrapping CDK environment...
(node:6288) ExperimentalWarning: `--experimental-loader` may be removed in the future; instead use `register()`:
--import 'data:text/javascript,import { register } from "node:module"; import { pathToFileURL } from "node:url"; register("ts-node/esm", pathToFileURL("./"));'
(Use `node --trace-warnings ...` to show where the warning was created)
(node:6288) [DEP0180] DeprecationWarning: fs.Stats constructor is deprecated.
(Use `node --trace-deprecation ...` to show where the warning was created)
 ⏳  Bootstrapping environment aws://868948464569/us-east-1...
Trusted accounts for deployment: (none)
Trusted accounts for lookup: (none)
Using default execution policy of 'arn:aws:iam::aws:policy/AdministratorAccess'. Pass '--cloudformation-execution-policies' to customize.
CDKToolkit: creating CloudFormation changeset...
 ✅  Environment aws://868948464569/us-east-1 bootstrapped (no changes).
✅ CDK bootstrap completed
🚀 Deploying Amplify backend...

ampx <command>

Commands:
  ampx generate             Generates post deployment artifacts
  ampx sandbox              Starts sandbox, watch mode for Amplify backend deplo
                            yments
  ampx pipeline-deploy      Command to deploy backends in a custom CI/CD pipelin
                            e. This command is not intended to be used locally.
  ampx configure <command>  Configure AWS Amplify
  ampx info                 Generates information for Amplify troubleshooting
  ampx notices              Manage and interact with Amplify backend tooling not
                            ices. View and acknowledge important notifications a
                            bout your Amplify environment, including package com
                            patibility issues, version updates, and potential is
                            sues that may affect your development workflow.

Options:
      --debug    Print debug logs to the console      [boolean] [default: false]
  -h, --help     Show help                                             [boolean]
  -v, --version  Show version number                                   [boolean]

[Error] Unknown command: deploy

❌ Amplify deployment failed.
📑 Error info:
